============================= test session starts ==============================
platform linux -- Python 3.10.5, pytest-7.1.2, pluggy-1.0.0+repack
rootdir: /home/adminuser/creation_page_microservice/creation_page
plugins: asyncio-0.19.0, xdist-2.5.0, forked-1.4.0, anyio-0.0.0
asyncio: mode=strict
collected 11 items

tests/end_to_end/test_web_ui.py .FFFF.FFF..                              [100%]

=================================== FAILURES ===================================
_________________ TestBrowser.test_creating_product_with_data __________________

self = <test_web_ui.TestBrowser testMethod=test_creating_product_with_data>

    def test_creating_product_with_data(self):
    
        number_of_rows_before = len(TestBrowser.driver.find_elements_by_class_name("tr"))
        add_button = TestBrowser.driver.find_element_by_class_name("btn")
        add_button.click()
        title_input = TestBrowser.driver.find_element_by_name("title")
        title_input.send_keys("Product1")
        image_input = TestBrowser.driver.find_element_by_name("image")
        image_input.send_keys("data:image/jpeg;base64,/9j/4AAQSkZJRgABAQAAAQABAAD/2wCEAAkGBwgHBgkIBwgKCgkLDRYPDQwMDRsUFRAWIB0iIiAdHx8kKDQsJCYxJx8fLT0tMTU3Ojo6Iys/RD84QzQ5OjcBCgoKDQwNGg8PGjclHyU3Nzc3Nzc3Nzc3Nzc3Nzc3Nzc3Nzc3Nzc3Nzc3Nzc3Nzc3Nzc3Nzc3Nzc3Nzc3Nzc3N//AABEIAIUAagMBIgACEQEDEQH/xAAcAAABBQEBAQAAAAAAAAAAAAAEAAIDBQYBBwj/xAA3EAABBAECAwUGAwkBAQAAAAABAAIDEQQSIQUxQRMiUWFxBhSBkaHwMkLRBxUjUmKxweHxQyT/xAAZAQADAQEBAAAAAAAAAAAAAAAAAQIDBAX/xAAgEQADAAEDBQEAAAAAAAAAAAAAAQIRAxIhBBMUMUFR/9oADAMBAAIRAxEAPwD2thUgQ7Cp2lAkPSXAuoGJJJJACSSSQAkkkkAJNK6U1yAI3lRWnPKitUiGJjwCASLRLD1WHh49FPRMlOPRyt8HioYL16v6eit6bM51Vk0moAWTShdmwN/PfoFTS5rJZC4WAehKaJAeqFp/oPV/C/bPG5he1wIUTZpXvBa1ug3vfJVLJSw2x1HyThM8G9f1pHbDu5Ld2TE12lzt/RJ2XC3/ANGk+AKzs/GsXGmbHPlRRyONAOd90pn986jzKUwn9HV1Pwt/f4r5j5qVuSxyz5jUsMj4SC11+R3Ct6a+ELVrPJfCRp6pj5W+KqZuISH8IDPTqov3i7lID6gqe2y+6i0kkb4hQ62+IVVLnsvYqD34fzD5p9tkd1HnsD7Ap26s8TLljAAJrwWbizoyWkD1ICsMfPY0EWefULp5MGjVQZZeBYooyPIcCAVnIeIx0KBPoEbj8Q/MGuvzRhiyi+E7mi3H0XW5ZJs2fRVsWQJfxWCeQ8Vhv2gcS4jjZbYcTOb7s5veiiI1Rn+r1+/OKwlyaQt1cGa4tmZR4lPMG5DGvkJbrBHXa17jg5YOHj6rvs23Yo8h06L59iyMvtWvjklEgIIcHb/NevcC4xDn8Nx+2y2OzdDRMCNNvrpustGEdPVW2ka0ZLT1XPeWqjc9wOxXO1fS32I4tzLp8gO9oeSUeKrPeHgGgSFG/KvyPmjaGchU0w3QvaNQk07kJ7w5PAuShx8IbI+HAJc06QfVVfDznsyXNneeyrunnutDiyvAvWT8Fy+XCO19HqE+Lw+vyi/CuSs8bh+3+lU8U4jmY3DZZMBj5ckVTWx2d/Kk/wBlOJcbyI3/AL0hMZFaS9gbt1+KT6ufYeFYX7SOk4ZwHMzI3Br4md06b3JA5fFeWPyvei+R3J7tm86Hn9Vvf2h8Qyx7PPhnMWmacMGnwony32XmcB/hB1Hbuqo1lfKH2Niw/YaRobqYNwmy8TyHRsga7Q1thtADY87I9FA+Y1zQz3ue++auqx6HMZ9nu3BmfvHhOJltoieFrvQ1v9bRMvDJCNisj7A8fyovZ73WDElyXY8hFMcwUDuB3nDra0cHHOJSD+Pw2eLzL4iOfk4rGupmXhiXSVSyh7+Fv3qwfVCT8NyBycSAnR8XzxD/APTEe21UezZtV8+aBzuM8TZKWwYnaR0KeZGgk+hS8uQ8Kxk2HPVFl+iF9ym/kf8ANKTiuW7VrY9gI8Qf7FRfvCTxen5cB4dlPDxEUD2QHkFaR58UcbXvb0vms1C2ZuzRqLac6uoq0Xolc57CWtPda2xy2s/MlebSZ6qaLxnG4XOAYGkH+pGR8YY0UW8/ArK4jI2ai1jiWvonxJVhizlzmjsXF3OndAsayaTgH/aDlnI4djtaDTZ7d5d00sZBBJIy2NAG5L3GgAFveLP9+wZsGTHtpo2OpG43+FfFYaSTRiRRMca0AuAOxJ3Xf0dZhp/Dk6pYpNfQdzrtMJ3BS5rl7LpbMUjf/syOnH4g9zyA57GgVyIB/UfJbhzm6b12sF7Ddpj8Jc9gNzTkj0AAWpdJkagKsgVXReXrW+4zv04WxB0pFfiCr8g0d3tr1TZmu07k31oqmmALiALonpzSVA5C59Z/Dy8dSH0v+yENqlq2ihyG/JBOdkaj3+vgtESSRyUbA5fhoffVHxvY9oDunetUOHkESb2NDKN9T90rFshe7Qx2k2PkppNDloto4IS5rnEDTZNcjdfoj4om6Lbps91xrcenzVG7IaHBoc5paPgdlYY2TTO0rmCQRyPgfvwWTbLSDnYOPI0kW0dCTXW/8BZb2o4TFHmNZAyNkYaA3qGEnw5cya9fJaFudG+muAodD1u1Qe0JIklmjaS2RlyP1EBoHLkPL13VaLavgNRLaZvDjYcA2CZSyVoc3ei4NG/nRPyR/BeBw8Rc7Ee7s3uYXdqO8RRH6ov3GN3s3gNjiLntcS/SLIJO9jruAEV7KAw5csz27NjIB+I5/JdFaj2toxmOUmaTh/DouH4sEGO46Y2kAuO5vf6kqaUvZbi4EEbj0/6lLM0tsEU3mPM/8Q78hjy5p2JFDwH3yXKuXlm7yuEDZUz76nffSfNAZWQ6MAEUHOLd+pRuU5td0gP2Jr5oGRweSLNXuAPA81qkiG2Vz53EPIADQLKjExIB73yUroWgOBJLS4X6cqXBEwbCNlBaKUZOmVeLI134nd55BHkBSkhmMOZpcdQB3I+P6oCF/Zt11y7zvj0CkdM3eRh7zgBv5bK3IlRfRd5sZ1AlzSaO97dfmim5DnY7Iz+Lka6gfZWdxsoth7GyHVzvorHGzXNY5o3fTbpc9Q0bqkwzFkZkZsTXWNDdZ2NdNvkPqpsyJmWIopLET32QXm37bem5u1XDPaY5LbRm3G3Ntnn5KbGkZIRNK5xDdTztyJ2G3oApw1yPhhAyWzYsjgBTS1o08jY/VBR5LcXh02nR2kzwAW+AdZ9OYC72jIIraLfknbyPL40h8mapgXRt93osayr5H/V7qoXGCafOS0PFP4gbr/H+bnTqG3zKa/KLJCwS0bqq22I2+qqCQ+R4JFNtws/mFml3iModlySQiml7SDfO65j5KlCJdstDkl7Q29zuBd/fVRZGZRa5tADn9+qr4sluqU7amC2b8jY/T6oaWbXo3A2u/wC6tQyd4fJlF8rmtoADb1Te3Dt+1q+ngqwyE2d7Av6rjcltC3LRQRuBWyWXl7ieV1ySY8Maw8zRUANN2N2lq5eS1wZhgcb7UuO/RdinLdbudjn5oeKTmHDbek0PJjAokAEkDrup2j3FiMgyuaHDugjujwRsWc52LILbZcCaHMV/1UZlJp/LqK8FOXBrGk7tDqq+aioRatlrnPhfFjtjmLQG13uniomShkcYczW9tAEu28dhXjaCbES15ce+wnbopZmthBANlrG1W1uKjavRW76Omka4mz+ayB5KPJne4RvJvUdTr33Br/ATO1AaYdJBqmg9D/tQkkwkEi23zWkyZuiUyOZFJYBcCK5WOqgMjnuaRyJ28rXXh0jNv5QVAHGy47notEichMstOBjJp46+qFJsk6Qk59hpPQUmX6ppAPZ+Dz8Uy9kkkIQ4OoD0Kc0kRvr+WvqkkhgSTjSR5BSZBIgj32c9xr6JJKRhjJDHHLIKLmFwaSPLmgZXFuQ7e9976rqSmVyUzgJdJZ5gX9Qo5DQISSVEBMLu9pAAGgfRA6rHqV1JNDOHkmpJKxH/2Q==")
        submit_button = TestBrowser.driver.find_element_by_class_name("submitButton")
        submit_button.click()
        time.sleep(30)
        number_of_rows_after = len(TestBrowser.driver.find_elements_by_class_name("tr"))
>       assert number_of_rows_before + 1 == number_of_rows_after, "[+]Product creation is not working as excepted"
E       AssertionError: [+]Product creation is not working as excepted
E       assert (0 + 1) == 28

tests/end_to_end/test_web_ui.py:41: AssertionError
______________________ TestBrowser.test_data_consistency _______________________

self = <test_web_ui.TestBrowser testMethod=test_data_consistency>

    def test_data_consistency(self):
        TestBrowser.driver.get("http://localhost:3000/products-panel")
        number_of_rows_before = len(TestBrowser.driver.find_elements_by_class_name("tr"))
        add_button = TestBrowser.driver.find_element_by_class_name("btn")
        add_button.click()
        title_input = TestBrowser.driver.find_element_by_name("title")
        title_input.send_keys("Product1")
        image_input = TestBrowser.driver.find_element_by_name("image")
        image_input.send_keys("data:image/jpeg;base64,/9j/4AAQSkZJRgABAQAAAQABAAD/2wCEAAkGBwgHBgkIBwgKCgkLDRYPDQwMDRsUFRAWIB0iIiAdHx8kKDQsJCYxJx8fLT0tMTU3Ojo6Iys/RD84QzQ5OjcBCgoKDQwNGg8PGjclHyU3Nzc3Nzc3Nzc3Nzc3Nzc3Nzc3Nzc3Nzc3Nzc3Nzc3Nzc3Nzc3Nzc3Nzc3Nzc3Nzc3N//AABEIAIUAagMBIgACEQEDEQH/xAAcAAABBQEBAQAAAAAAAAAAAAAEAAIDBQYBBwj/xAA3EAABBAECAwUGAwkBAQAAAAABAAIDEQQSIQUxQRMiUWFxBhSBkaHwMkLRBxUjUmKxweHxQyT/xAAZAQADAQEBAAAAAAAAAAAAAAAAAQIDBAX/xAAgEQADAAEDBQEAAAAAAAAAAAAAAQIRAxIhBBMUMUFR/9oADAMBAAIRAxEAPwD2thUgQ7Cp2lAkPSXAuoGJJJJACSSSQAkkkkAJNK6U1yAI3lRWnPKitUiGJjwCASLRLD1WHh49FPRMlOPRyt8HioYL16v6eit6bM51Vk0moAWTShdmwN/PfoFTS5rJZC4WAehKaJAeqFp/oPV/C/bPG5he1wIUTZpXvBa1ug3vfJVLJSw2x1HyThM8G9f1pHbDu5Ld2TE12lzt/RJ2XC3/ANGk+AKzs/GsXGmbHPlRRyONAOd90pn986jzKUwn9HV1Pwt/f4r5j5qVuSxyz5jUsMj4SC11+R3Ct6a+ELVrPJfCRp6pj5W+KqZuISH8IDPTqov3i7lID6gqe2y+6i0kkb4hQ62+IVVLnsvYqD34fzD5p9tkd1HnsD7Ap26s8TLljAAJrwWbizoyWkD1ICsMfPY0EWefULp5MGjVQZZeBYooyPIcCAVnIeIx0KBPoEbj8Q/MGuvzRhiyi+E7mi3H0XW5ZJs2fRVsWQJfxWCeQ8Vhv2gcS4jjZbYcTOb7s5veiiI1Rn+r1+/OKwlyaQt1cGa4tmZR4lPMG5DGvkJbrBHXa17jg5YOHj6rvs23Yo8h06L59iyMvtWvjklEgIIcHb/NevcC4xDn8Nx+2y2OzdDRMCNNvrpustGEdPVW2ka0ZLT1XPeWqjc9wOxXO1fS32I4tzLp8gO9oeSUeKrPeHgGgSFG/KvyPmjaGchU0w3QvaNQk07kJ7w5PAuShx8IbI+HAJc06QfVVfDznsyXNneeyrunnutDiyvAvWT8Fy+XCO19HqE+Lw+vyi/CuSs8bh+3+lU8U4jmY3DZZMBj5ckVTWx2d/Kk/wBlOJcbyI3/AL0hMZFaS9gbt1+KT6ufYeFYX7SOk4ZwHMzI3Br4md06b3JA5fFeWPyvei+R3J7tm86Hn9Vvf2h8Qyx7PPhnMWmacMGnwony32XmcB/hB1Hbuqo1lfKH2Niw/YaRobqYNwmy8TyHRsga7Q1thtADY87I9FA+Y1zQz3ue++auqx6HMZ9nu3BmfvHhOJltoieFrvQ1v9bRMvDJCNisj7A8fyovZ73WDElyXY8hFMcwUDuB3nDra0cHHOJSD+Pw2eLzL4iOfk4rGupmXhiXSVSyh7+Fv3qwfVCT8NyBycSAnR8XzxD/APTEe21UezZtV8+aBzuM8TZKWwYnaR0KeZGgk+hS8uQ8Kxk2HPVFl+iF9ym/kf8ANKTiuW7VrY9gI8Qf7FRfvCTxen5cB4dlPDxEUD2QHkFaR58UcbXvb0vms1C2ZuzRqLac6uoq0Xolc57CWtPda2xy2s/MlebSZ6qaLxnG4XOAYGkH+pGR8YY0UW8/ArK4jI2ai1jiWvonxJVhizlzmjsXF3OndAsayaTgH/aDlnI4djtaDTZ7d5d00sZBBJIy2NAG5L3GgAFveLP9+wZsGTHtpo2OpG43+FfFYaSTRiRRMca0AuAOxJ3Xf0dZhp/Dk6pYpNfQdzrtMJ3BS5rl7LpbMUjf/syOnH4g9zyA57GgVyIB/UfJbhzm6b12sF7Ddpj8Jc9gNzTkj0AAWpdJkagKsgVXReXrW+4zv04WxB0pFfiCr8g0d3tr1TZmu07k31oqmmALiALonpzSVA5C59Z/Dy8dSH0v+yENqlq2ihyG/JBOdkaj3+vgtESSRyUbA5fhoffVHxvY9oDunetUOHkESb2NDKN9T90rFshe7Qx2k2PkppNDloto4IS5rnEDTZNcjdfoj4om6Lbps91xrcenzVG7IaHBoc5paPgdlYY2TTO0rmCQRyPgfvwWTbLSDnYOPI0kW0dCTXW/8BZb2o4TFHmNZAyNkYaA3qGEnw5cya9fJaFudG+muAodD1u1Qe0JIklmjaS2RlyP1EBoHLkPL13VaLavgNRLaZvDjYcA2CZSyVoc3ei4NG/nRPyR/BeBw8Rc7Ee7s3uYXdqO8RRH6ov3GN3s3gNjiLntcS/SLIJO9jruAEV7KAw5csz27NjIB+I5/JdFaj2toxmOUmaTh/DouH4sEGO46Y2kAuO5vf6kqaUvZbi4EEbj0/6lLM0tsEU3mPM/8Q78hjy5p2JFDwH3yXKuXlm7yuEDZUz76nffSfNAZWQ6MAEUHOLd+pRuU5td0gP2Jr5oGRweSLNXuAPA81qkiG2Vz53EPIADQLKjExIB73yUroWgOBJLS4X6cqXBEwbCNlBaKUZOmVeLI134nd55BHkBSkhmMOZpcdQB3I+P6oCF/Zt11y7zvj0CkdM3eRh7zgBv5bK3IlRfRd5sZ1AlzSaO97dfmim5DnY7Iz+Lka6gfZWdxsoth7GyHVzvorHGzXNY5o3fTbpc9Q0bqkwzFkZkZsTXWNDdZ2NdNvkPqpsyJmWIopLET32QXm37bem5u1XDPaY5LbRm3G3Ntnn5KbGkZIRNK5xDdTztyJ2G3oApw1yPhhAyWzYsjgBTS1o08jY/VBR5LcXh02nR2kzwAW+AdZ9OYC72jIIraLfknbyPL40h8mapgXRt93osayr5H/V7qoXGCafOS0PFP4gbr/H+bnTqG3zKa/KLJCwS0bqq22I2+qqCQ+R4JFNtws/mFml3iModlySQiml7SDfO65j5KlCJdstDkl7Q29zuBd/fVRZGZRa5tADn9+qr4sluqU7amC2b8jY/T6oaWbXo3A2u/wC6tQyd4fJlF8rmtoADb1Te3Dt+1q+ngqwyE2d7Av6rjcltC3LRQRuBWyWXl7ieV1ySY8Maw8zRUANN2N2lq5eS1wZhgcb7UuO/RdinLdbudjn5oeKTmHDbek0PJjAokAEkDrup2j3FiMgyuaHDugjujwRsWc52LILbZcCaHMV/1UZlJp/LqK8FOXBrGk7tDqq+aioRatlrnPhfFjtjmLQG13uniomShkcYczW9tAEu28dhXjaCbES15ce+wnbopZmthBANlrG1W1uKjavRW76Omka4mz+ayB5KPJne4RvJvUdTr33Br/ATO1AaYdJBqmg9D/tQkkwkEi23zWkyZuiUyOZFJYBcCK5WOqgMjnuaRyJ28rXXh0jNv5QVAHGy47notEichMstOBjJp46+qFJsk6Qk59hpPQUmX6ppAPZ+Dz8Uy9kkkIQ4OoD0Kc0kRvr+WvqkkhgSTjSR5BSZBIgj32c9xr6JJKRhjJDHHLIKLmFwaSPLmgZXFuQ7e9976rqSmVyUzgJdJZ5gX9Qo5DQISSVEBMLu9pAAGgfRA6rHqV1JNDOHkmpJKxH/2Q==")
        submit_button = TestBrowser.driver.find_element_by_class_name("submitButton")
        submit_button.click()
        time.sleep(20)
        number_of_rows_after = len(TestBrowser.driver.find_elements_by_class_name("tr"))
        #assert number_of_rows_before + 1 == number_of_rows_after, "[+]Product creation is not working as excepted"
        TestBrowser.driver.get("http://localhost:3000/")
        time.sleep(10)
        product_cols = TestBrowser.driver.find_element_by_class_name("col-md-4")
>       assert product_cols == number_of_rows_after, "[+]Product add in the product-panel, is not added in main page"
E       AssertionError: [+]Product add in the product-panel, is not added in main page
E       assert <selenium.webdriver.remote.webelement.WebElement (session="df1cd6ab9175d7107c67d91268aed9c8", element="915814fa-4b37-4ede-ade4-74239b2dc844")> == 29

tests/end_to_end/test_web_ui.py:80: AssertionError
______________ TestBrowser.test_edit_product_cancel_button_check _______________

self = <test_web_ui.TestBrowser testMethod=test_edit_product_cancel_button_check>

    def test_edit_product_cancel_button_check(self):
        TestBrowser.driver.get("http://localhost:3000/products-panel")
>       title_of_first_product_before = TestBrowser.driver.find_element_by_xpath('//table/tbody/tr/td[3]')

tests/end_to_end/test_web_ui.py:111: 
_ _ _ _ _ _ _ _ _ _ _ _ _ _ _ _ _ _ _ _ _ _ _ _ _ _ _ _ _ _ _ _ _ _ _ _ _ _ _ _ 
/usr/lib/python3/dist-packages/selenium/webdriver/remote/webdriver.py:399: in find_element_by_xpath
    return self.find_element(by=By.XPATH, value=xpath)
/usr/lib/python3/dist-packages/selenium/webdriver/remote/webdriver.py:1012: in find_element
    return self.execute(Command.FIND_ELEMENT, {
/usr/lib/python3/dist-packages/selenium/webdriver/remote/webdriver.py:318: in execute
    self.error_handler.check_response(response)
_ _ _ _ _ _ _ _ _ _ _ _ _ _ _ _ _ _ _ _ _ _ _ _ _ _ _ _ _ _ _ _ _ _ _ _ _ _ _ _ 

self = <selenium.webdriver.remote.errorhandler.ErrorHandler object at 0x7fbc3ec250c0>
response = {'status': 404, 'value': '{"value":{"error":"no such element","message":"no such element: Unable to locate element: {\...\\n#16 0x564194055848 \\u003Cunknown>\\n#17 0x56419406fc0d \\u003Cunknown>\\n#18 0x7f0fa8b50609 \\u003Cunknown>\\n"}}'}

    def check_response(self, response):
        """
        Checks that a JSON response from the WebDriver does not have an error.
    
        :Args:
         - response - The JSON response from the WebDriver server as a dictionary
           object.
    
        :Raises: If the response contains an error message.
        """
        status = response.get('status', None)
        if status is None or status == ErrorCode.SUCCESS:
            return
        value = None
        message = response.get("message", "")
        screen = response.get("screen", "")
        stacktrace = None
        if isinstance(status, int):
            value_json = response.get('value', None)
            if value_json and isinstance(value_json, basestring):
                import json
                try:
                    value = json.loads(value_json)
                    if len(value.keys()) == 1:
                        value = value['value']
                    status = value.get('error', None)
                    if status is None:
                        status = value["status"]
                        message = value["value"]
                        if not isinstance(message, basestring):
                            value = message
                            message = message.get('message')
                    else:
                        message = value.get('message', None)
                except ValueError:
                    pass
    
        exception_class = ErrorInResponseException
        if status in ErrorCode.NO_SUCH_ELEMENT:
            exception_class = NoSuchElementException
        elif status in ErrorCode.NO_SUCH_FRAME:
            exception_class = NoSuchFrameException
        elif status in ErrorCode.NO_SUCH_WINDOW:
            exception_class = NoSuchWindowException
        elif status in ErrorCode.STALE_ELEMENT_REFERENCE:
            exception_class = StaleElementReferenceException
        elif status in ErrorCode.ELEMENT_NOT_VISIBLE:
            exception_class = ElementNotVisibleException
        elif status in ErrorCode.INVALID_ELEMENT_STATE:
            exception_class = InvalidElementStateException
        elif status in ErrorCode.INVALID_SELECTOR \
                or status in ErrorCode.INVALID_XPATH_SELECTOR \
                or status in ErrorCode.INVALID_XPATH_SELECTOR_RETURN_TYPER:
            exception_class = InvalidSelectorException
        elif status in ErrorCode.ELEMENT_IS_NOT_SELECTABLE:
            exception_class = ElementNotSelectableException
        elif status in ErrorCode.ELEMENT_NOT_INTERACTABLE:
            exception_class = ElementNotInteractableException
        elif status in ErrorCode.INVALID_COOKIE_DOMAIN:
            exception_class = InvalidCookieDomainException
        elif status in ErrorCode.UNABLE_TO_SET_COOKIE:
            exception_class = UnableToSetCookieException
        elif status in ErrorCode.TIMEOUT:
            exception_class = TimeoutException
        elif status in ErrorCode.SCRIPT_TIMEOUT:
            exception_class = TimeoutException
        elif status in ErrorCode.UNKNOWN_ERROR:
            exception_class = WebDriverException
        elif status in ErrorCode.UNEXPECTED_ALERT_OPEN:
            exception_class = UnexpectedAlertPresentException
        elif status in ErrorCode.NO_ALERT_OPEN:
            exception_class = NoAlertPresentException
        elif status in ErrorCode.IME_NOT_AVAILABLE:
            exception_class = ImeNotAvailableException
        elif status in ErrorCode.IME_ENGINE_ACTIVATION_FAILED:
            exception_class = ImeActivationFailedException
        elif status in ErrorCode.MOVE_TARGET_OUT_OF_BOUNDS:
            exception_class = MoveTargetOutOfBoundsException
        elif status in ErrorCode.JAVASCRIPT_ERROR:
            exception_class = JavascriptException
        elif status in ErrorCode.SESSION_NOT_CREATED:
            exception_class = SessionNotCreatedException
        elif status in ErrorCode.INVALID_ARGUMENT:
            exception_class = InvalidArgumentException
        elif status in ErrorCode.NO_SUCH_COOKIE:
            exception_class = NoSuchCookieException
        elif status in ErrorCode.UNABLE_TO_CAPTURE_SCREEN:
            exception_class = ScreenshotException
        elif status in ErrorCode.ELEMENT_CLICK_INTERCEPTED:
            exception_class = ElementClickInterceptedException
        elif status in ErrorCode.INSECURE_CERTIFICATE:
            exception_class = InsecureCertificateException
        elif status in ErrorCode.INVALID_COORDINATES:
            exception_class = InvalidCoordinatesException
        elif status in ErrorCode.INVALID_SESSION_ID:
            exception_class = InvalidSessionIdException
        elif status in ErrorCode.UNKNOWN_METHOD:
            exception_class = UnknownMethodException
        else:
            exception_class = WebDriverException
        if value == '' or value is None:
            value = response['value']
        if isinstance(value, basestring):
            if exception_class == ErrorInResponseException:
                raise exception_class(response, value)
            raise exception_class(value)
        if message == "" and 'message' in value:
            message = value['message']
    
        screen = None
        if 'screen' in value:
            screen = value['screen']
    
        stacktrace = None
        if 'stackTrace' in value and value['stackTrace']:
            stacktrace = []
            try:
                for frame in value['stackTrace']:
                    line = self._value_or_default(frame, 'lineNumber', '')
                    file = self._value_or_default(frame, 'fileName', '<anonymous>')
                    if line:
                        file = "%s:%s" % (file, line)
                    meth = self._value_or_default(frame, 'methodName', '<anonymous>')
                    if 'className' in frame:
                        meth = "%s.%s" % (frame['className'], meth)
                    msg = "    at %s (%s)"
                    msg = msg % (meth, file)
                    stacktrace.append(msg)
            except TypeError:
                pass
        if exception_class == ErrorInResponseException:
            raise exception_class(response, message)
        elif exception_class == UnexpectedAlertPresentException:
            alert_text = None
            if 'data' in value:
                alert_text = value['data'].get('text')
            elif 'alert' in value:
                alert_text = value['alert'].get('text')
            raise exception_class(message, screen, stacktrace, alert_text)
>       raise exception_class(message, screen, stacktrace)
E       selenium.common.exceptions.NoSuchElementException: Message: no such element: Unable to locate element: {"method":"xpath","selector":"//table/tbody/tr/td[3]"}
E         (Session info: chrome=103.0.5060.114)

/usr/lib/python3/dist-packages/selenium/webdriver/remote/errorhandler.py:242: NoSuchElementException
___________________ TestBrowser.test_edit_product_with_data ____________________

self = <test_web_ui.TestBrowser testMethod=test_edit_product_with_data>

    def test_edit_product_with_data(self):
        TestBrowser.driver.get("http://localhost:3000/products-panel")
>       title_of_first_product_before = TestBrowser.driver.find_element_by_xpath('//table/tbody/tr/td[3]')

tests/end_to_end/test_web_ui.py:99: 
_ _ _ _ _ _ _ _ _ _ _ _ _ _ _ _ _ _ _ _ _ _ _ _ _ _ _ _ _ _ _ _ _ _ _ _ _ _ _ _ 
/usr/lib/python3/dist-packages/selenium/webdriver/remote/webdriver.py:399: in find_element_by_xpath
    return self.find_element(by=By.XPATH, value=xpath)
/usr/lib/python3/dist-packages/selenium/webdriver/remote/webdriver.py:1012: in find_element
    return self.execute(Command.FIND_ELEMENT, {
/usr/lib/python3/dist-packages/selenium/webdriver/remote/webdriver.py:318: in execute
    self.error_handler.check_response(response)
_ _ _ _ _ _ _ _ _ _ _ _ _ _ _ _ _ _ _ _ _ _ _ _ _ _ _ _ _ _ _ _ _ _ _ _ _ _ _ _ 

self = <selenium.webdriver.remote.errorhandler.ErrorHandler object at 0x7fbc3ec250c0>
response = {'status': 404, 'value': '{"value":{"error":"no such element","message":"no such element: Unable to locate element: {\...\\n#16 0x564194055848 \\u003Cunknown>\\n#17 0x56419406fc0d \\u003Cunknown>\\n#18 0x7f0fa8b50609 \\u003Cunknown>\\n"}}'}

    def check_response(self, response):
        """
        Checks that a JSON response from the WebDriver does not have an error.
    
        :Args:
         - response - The JSON response from the WebDriver server as a dictionary
           object.
    
        :Raises: If the response contains an error message.
        """
        status = response.get('status', None)
        if status is None or status == ErrorCode.SUCCESS:
            return
        value = None
        message = response.get("message", "")
        screen = response.get("screen", "")
        stacktrace = None
        if isinstance(status, int):
            value_json = response.get('value', None)
            if value_json and isinstance(value_json, basestring):
                import json
                try:
                    value = json.loads(value_json)
                    if len(value.keys()) == 1:
                        value = value['value']
                    status = value.get('error', None)
                    if status is None:
                        status = value["status"]
                        message = value["value"]
                        if not isinstance(message, basestring):
                            value = message
                            message = message.get('message')
                    else:
                        message = value.get('message', None)
                except ValueError:
                    pass
    
        exception_class = ErrorInResponseException
        if status in ErrorCode.NO_SUCH_ELEMENT:
            exception_class = NoSuchElementException
        elif status in ErrorCode.NO_SUCH_FRAME:
            exception_class = NoSuchFrameException
        elif status in ErrorCode.NO_SUCH_WINDOW:
            exception_class = NoSuchWindowException
        elif status in ErrorCode.STALE_ELEMENT_REFERENCE:
            exception_class = StaleElementReferenceException
        elif status in ErrorCode.ELEMENT_NOT_VISIBLE:
            exception_class = ElementNotVisibleException
        elif status in ErrorCode.INVALID_ELEMENT_STATE:
            exception_class = InvalidElementStateException
        elif status in ErrorCode.INVALID_SELECTOR \
                or status in ErrorCode.INVALID_XPATH_SELECTOR \
                or status in ErrorCode.INVALID_XPATH_SELECTOR_RETURN_TYPER:
            exception_class = InvalidSelectorException
        elif status in ErrorCode.ELEMENT_IS_NOT_SELECTABLE:
            exception_class = ElementNotSelectableException
        elif status in ErrorCode.ELEMENT_NOT_INTERACTABLE:
            exception_class = ElementNotInteractableException
        elif status in ErrorCode.INVALID_COOKIE_DOMAIN:
            exception_class = InvalidCookieDomainException
        elif status in ErrorCode.UNABLE_TO_SET_COOKIE:
            exception_class = UnableToSetCookieException
        elif status in ErrorCode.TIMEOUT:
            exception_class = TimeoutException
        elif status in ErrorCode.SCRIPT_TIMEOUT:
            exception_class = TimeoutException
        elif status in ErrorCode.UNKNOWN_ERROR:
            exception_class = WebDriverException
        elif status in ErrorCode.UNEXPECTED_ALERT_OPEN:
            exception_class = UnexpectedAlertPresentException
        elif status in ErrorCode.NO_ALERT_OPEN:
            exception_class = NoAlertPresentException
        elif status in ErrorCode.IME_NOT_AVAILABLE:
            exception_class = ImeNotAvailableException
        elif status in ErrorCode.IME_ENGINE_ACTIVATION_FAILED:
            exception_class = ImeActivationFailedException
        elif status in ErrorCode.MOVE_TARGET_OUT_OF_BOUNDS:
            exception_class = MoveTargetOutOfBoundsException
        elif status in ErrorCode.JAVASCRIPT_ERROR:
            exception_class = JavascriptException
        elif status in ErrorCode.SESSION_NOT_CREATED:
            exception_class = SessionNotCreatedException
        elif status in ErrorCode.INVALID_ARGUMENT:
            exception_class = InvalidArgumentException
        elif status in ErrorCode.NO_SUCH_COOKIE:
            exception_class = NoSuchCookieException
        elif status in ErrorCode.UNABLE_TO_CAPTURE_SCREEN:
            exception_class = ScreenshotException
        elif status in ErrorCode.ELEMENT_CLICK_INTERCEPTED:
            exception_class = ElementClickInterceptedException
        elif status in ErrorCode.INSECURE_CERTIFICATE:
            exception_class = InsecureCertificateException
        elif status in ErrorCode.INVALID_COORDINATES:
            exception_class = InvalidCoordinatesException
        elif status in ErrorCode.INVALID_SESSION_ID:
            exception_class = InvalidSessionIdException
        elif status in ErrorCode.UNKNOWN_METHOD:
            exception_class = UnknownMethodException
        else:
            exception_class = WebDriverException
        if value == '' or value is None:
            value = response['value']
        if isinstance(value, basestring):
            if exception_class == ErrorInResponseException:
                raise exception_class(response, value)
            raise exception_class(value)
        if message == "" and 'message' in value:
            message = value['message']
    
        screen = None
        if 'screen' in value:
            screen = value['screen']
    
        stacktrace = None
        if 'stackTrace' in value and value['stackTrace']:
            stacktrace = []
            try:
                for frame in value['stackTrace']:
                    line = self._value_or_default(frame, 'lineNumber', '')
                    file = self._value_or_default(frame, 'fileName', '<anonymous>')
                    if line:
                        file = "%s:%s" % (file, line)
                    meth = self._value_or_default(frame, 'methodName', '<anonymous>')
                    if 'className' in frame:
                        meth = "%s.%s" % (frame['className'], meth)
                    msg = "    at %s (%s)"
                    msg = msg % (meth, file)
                    stacktrace.append(msg)
            except TypeError:
                pass
        if exception_class == ErrorInResponseException:
            raise exception_class(response, message)
        elif exception_class == UnexpectedAlertPresentException:
            alert_text = None
            if 'data' in value:
                alert_text = value['data'].get('text')
            elif 'alert' in value:
                alert_text = value['alert'].get('text')
            raise exception_class(message, screen, stacktrace, alert_text)
>       raise exception_class(message, screen, stacktrace)
E       selenium.common.exceptions.NoSuchElementException: Message: no such element: Unable to locate element: {"method":"xpath","selector":"//table/tbody/tr/td[3]"}
E         (Session info: chrome=103.0.5060.114)

/usr/lib/python3/dist-packages/selenium/webdriver/remote/errorhandler.py:242: NoSuchElementException
_______________ TestBrowser.test_product_add_cancel_button_check _______________

self = <test_web_ui.TestBrowser testMethod=test_product_add_cancel_button_check>

    def test_product_add_cancel_button_check(self):
        TestBrowser.driver.get("http://localhost:3000/products-panel")
        number_of_rows_before = len(TestBrowser.driver.find_elements_by_class_name("tr"))
        prod_add_button = TestBrowser.driver.find_element_by_class_name("btn")
        prod_add_button.click()
>       cancel_button = TestBrowser.driver.get_element_by_class_name("cancelButton")
E       AttributeError: 'WebDriver' object has no attribute 'get_element_by_class_name'

tests/end_to_end/test_web_ui.py:58: AttributeError
______________________ TestBrowser.test_product_deletion _______________________

self = <test_web_ui.TestBrowser testMethod=test_product_deletion>

    def test_product_deletion(self):
        TestBrowser.driver.get("http://localhost:3000/products-panel")
        number_of_rows_before = len(TestBrowser.driver.find_elements_by_class_name("tr"))
>       del_button = TestBrowser.driver.find_element_by_class_name("deleteButton")

tests/end_to_end/test_web_ui.py:85: 
_ _ _ _ _ _ _ _ _ _ _ _ _ _ _ _ _ _ _ _ _ _ _ _ _ _ _ _ _ _ _ _ _ _ _ _ _ _ _ _ 
/usr/lib/python3/dist-packages/selenium/webdriver/remote/webdriver.py:589: in find_element_by_class_name
    return self.find_element(by=By.CLASS_NAME, value=name)
/usr/lib/python3/dist-packages/selenium/webdriver/remote/webdriver.py:1012: in find_element
    return self.execute(Command.FIND_ELEMENT, {
/usr/lib/python3/dist-packages/selenium/webdriver/remote/webdriver.py:318: in execute
    self.error_handler.check_response(response)
_ _ _ _ _ _ _ _ _ _ _ _ _ _ _ _ _ _ _ _ _ _ _ _ _ _ _ _ _ _ _ _ _ _ _ _ _ _ _ _ 

self = <selenium.webdriver.remote.errorhandler.ErrorHandler object at 0x7fbc3ec250c0>
response = {'status': 404, 'value': '{"value":{"error":"no such element","message":"no such element: Unable to locate element: {\...\\n#16 0x564194055848 \\u003Cunknown>\\n#17 0x56419406fc0d \\u003Cunknown>\\n#18 0x7f0fa8b50609 \\u003Cunknown>\\n"}}'}

    def check_response(self, response):
        """
        Checks that a JSON response from the WebDriver does not have an error.
    
        :Args:
         - response - The JSON response from the WebDriver server as a dictionary
           object.
    
        :Raises: If the response contains an error message.
        """
        status = response.get('status', None)
        if status is None or status == ErrorCode.SUCCESS:
            return
        value = None
        message = response.get("message", "")
        screen = response.get("screen", "")
        stacktrace = None
        if isinstance(status, int):
            value_json = response.get('value', None)
            if value_json and isinstance(value_json, basestring):
                import json
                try:
                    value = json.loads(value_json)
                    if len(value.keys()) == 1:
                        value = value['value']
                    status = value.get('error', None)
                    if status is None:
                        status = value["status"]
                        message = value["value"]
                        if not isinstance(message, basestring):
                            value = message
                            message = message.get('message')
                    else:
                        message = value.get('message', None)
                except ValueError:
                    pass
    
        exception_class = ErrorInResponseException
        if status in ErrorCode.NO_SUCH_ELEMENT:
            exception_class = NoSuchElementException
        elif status in ErrorCode.NO_SUCH_FRAME:
            exception_class = NoSuchFrameException
        elif status in ErrorCode.NO_SUCH_WINDOW:
            exception_class = NoSuchWindowException
        elif status in ErrorCode.STALE_ELEMENT_REFERENCE:
            exception_class = StaleElementReferenceException
        elif status in ErrorCode.ELEMENT_NOT_VISIBLE:
            exception_class = ElementNotVisibleException
        elif status in ErrorCode.INVALID_ELEMENT_STATE:
            exception_class = InvalidElementStateException
        elif status in ErrorCode.INVALID_SELECTOR \
                or status in ErrorCode.INVALID_XPATH_SELECTOR \
                or status in ErrorCode.INVALID_XPATH_SELECTOR_RETURN_TYPER:
            exception_class = InvalidSelectorException
        elif status in ErrorCode.ELEMENT_IS_NOT_SELECTABLE:
            exception_class = ElementNotSelectableException
        elif status in ErrorCode.ELEMENT_NOT_INTERACTABLE:
            exception_class = ElementNotInteractableException
        elif status in ErrorCode.INVALID_COOKIE_DOMAIN:
            exception_class = InvalidCookieDomainException
        elif status in ErrorCode.UNABLE_TO_SET_COOKIE:
            exception_class = UnableToSetCookieException
        elif status in ErrorCode.TIMEOUT:
            exception_class = TimeoutException
        elif status in ErrorCode.SCRIPT_TIMEOUT:
            exception_class = TimeoutException
        elif status in ErrorCode.UNKNOWN_ERROR:
            exception_class = WebDriverException
        elif status in ErrorCode.UNEXPECTED_ALERT_OPEN:
            exception_class = UnexpectedAlertPresentException
        elif status in ErrorCode.NO_ALERT_OPEN:
            exception_class = NoAlertPresentException
        elif status in ErrorCode.IME_NOT_AVAILABLE:
            exception_class = ImeNotAvailableException
        elif status in ErrorCode.IME_ENGINE_ACTIVATION_FAILED:
            exception_class = ImeActivationFailedException
        elif status in ErrorCode.MOVE_TARGET_OUT_OF_BOUNDS:
            exception_class = MoveTargetOutOfBoundsException
        elif status in ErrorCode.JAVASCRIPT_ERROR:
            exception_class = JavascriptException
        elif status in ErrorCode.SESSION_NOT_CREATED:
            exception_class = SessionNotCreatedException
        elif status in ErrorCode.INVALID_ARGUMENT:
            exception_class = InvalidArgumentException
        elif status in ErrorCode.NO_SUCH_COOKIE:
            exception_class = NoSuchCookieException
        elif status in ErrorCode.UNABLE_TO_CAPTURE_SCREEN:
            exception_class = ScreenshotException
        elif status in ErrorCode.ELEMENT_CLICK_INTERCEPTED:
            exception_class = ElementClickInterceptedException
        elif status in ErrorCode.INSECURE_CERTIFICATE:
            exception_class = InsecureCertificateException
        elif status in ErrorCode.INVALID_COORDINATES:
            exception_class = InvalidCoordinatesException
        elif status in ErrorCode.INVALID_SESSION_ID:
            exception_class = InvalidSessionIdException
        elif status in ErrorCode.UNKNOWN_METHOD:
            exception_class = UnknownMethodException
        else:
            exception_class = WebDriverException
        if value == '' or value is None:
            value = response['value']
        if isinstance(value, basestring):
            if exception_class == ErrorInResponseException:
                raise exception_class(response, value)
            raise exception_class(value)
        if message == "" and 'message' in value:
            message = value['message']
    
        screen = None
        if 'screen' in value:
            screen = value['screen']
    
        stacktrace = None
        if 'stackTrace' in value and value['stackTrace']:
            stacktrace = []
            try:
                for frame in value['stackTrace']:
                    line = self._value_or_default(frame, 'lineNumber', '')
                    file = self._value_or_default(frame, 'fileName', '<anonymous>')
                    if line:
                        file = "%s:%s" % (file, line)
                    meth = self._value_or_default(frame, 'methodName', '<anonymous>')
                    if 'className' in frame:
                        meth = "%s.%s" % (frame['className'], meth)
                    msg = "    at %s (%s)"
                    msg = msg % (meth, file)
                    stacktrace.append(msg)
            except TypeError:
                pass
        if exception_class == ErrorInResponseException:
            raise exception_class(response, message)
        elif exception_class == UnexpectedAlertPresentException:
            alert_text = None
            if 'data' in value:
                alert_text = value['data'].get('text')
            elif 'alert' in value:
                alert_text = value['alert'].get('text')
            raise exception_class(message, screen, stacktrace, alert_text)
>       raise exception_class(message, screen, stacktrace)
E       selenium.common.exceptions.NoSuchElementException: Message: no such element: Unable to locate element: {"method":"css selector","selector":".deleteButton"}
E         (Session info: chrome=103.0.5060.114)

/usr/lib/python3/dist-packages/selenium/webdriver/remote/errorhandler.py:242: NoSuchElementException
_____________________ TestBrowser.test_product_like_check ______________________

self = <test_web_ui.TestBrowser testMethod=test_product_like_check>

    def test_product_like_check(self):
        TestBrowser.driver.get("http://localhost:3000/products-panel")
        add_button = TestBrowser.driver.find_element_by_class_name("btn")
        add_button.click()
        title_input = TestBrowser.driver.find_element_by_name("title")
        title_input.send_keys("Product1")
        image_input = TestBrowser.driver.find_element_by_name("image")
        image_input.send_keys("data:image/jpeg;base64,/9j/4AAQSkZJRgABAQAAAQABAAD/2wCEAAkGBwgHBgkIBwgKCgkLDRYPDQwMDRsUFRAWIB0iIiAdHx8kKDQsJCYxJx8fLT0tMTU3Ojo6Iys/RD84QzQ5OjcBCgoKDQwNGg8PGjclHyU3Nzc3Nzc3Nzc3Nzc3Nzc3Nzc3Nzc3Nzc3Nzc3Nzc3Nzc3Nzc3Nzc3Nzc3Nzc3Nzc3N//AABEIAIUAagMBIgACEQEDEQH/xAAcAAABBQEBAQAAAAAAAAAAAAAEAAIDBQYBBwj/xAA3EAABBAECAwUGAwkBAQAAAAABAAIDEQQSIQUxQRMiUWFxBhSBkaHwMkLRBxUjUmKxweHxQyT/xAAZAQADAQEBAAAAAAAAAAAAAAAAAQIDBAX/xAAgEQADAAEDBQEAAAAAAAAAAAAAAQIRAxIhBBMUMUFR/9oADAMBAAIRAxEAPwD2thUgQ7Cp2lAkPSXAuoGJJJJACSSSQAkkkkAJNK6U1yAI3lRWnPKitUiGJjwCASLRLD1WHh49FPRMlOPRyt8HioYL16v6eit6bM51Vk0moAWTShdmwN/PfoFTS5rJZC4WAehKaJAeqFp/oPV/C/bPG5he1wIUTZpXvBa1ug3vfJVLJSw2x1HyThM8G9f1pHbDu5Ld2TE12lzt/RJ2XC3/ANGk+AKzs/GsXGmbHPlRRyONAOd90pn986jzKUwn9HV1Pwt/f4r5j5qVuSxyz5jUsMj4SC11+R3Ct6a+ELVrPJfCRp6pj5W+KqZuISH8IDPTqov3i7lID6gqe2y+6i0kkb4hQ62+IVVLnsvYqD34fzD5p9tkd1HnsD7Ap26s8TLljAAJrwWbizoyWkD1ICsMfPY0EWefULp5MGjVQZZeBYooyPIcCAVnIeIx0KBPoEbj8Q/MGuvzRhiyi+E7mi3H0XW5ZJs2fRVsWQJfxWCeQ8Vhv2gcS4jjZbYcTOb7s5veiiI1Rn+r1+/OKwlyaQt1cGa4tmZR4lPMG5DGvkJbrBHXa17jg5YOHj6rvs23Yo8h06L59iyMvtWvjklEgIIcHb/NevcC4xDn8Nx+2y2OzdDRMCNNvrpustGEdPVW2ka0ZLT1XPeWqjc9wOxXO1fS32I4tzLp8gO9oeSUeKrPeHgGgSFG/KvyPmjaGchU0w3QvaNQk07kJ7w5PAuShx8IbI+HAJc06QfVVfDznsyXNneeyrunnutDiyvAvWT8Fy+XCO19HqE+Lw+vyi/CuSs8bh+3+lU8U4jmY3DZZMBj5ckVTWx2d/Kk/wBlOJcbyI3/AL0hMZFaS9gbt1+KT6ufYeFYX7SOk4ZwHMzI3Br4md06b3JA5fFeWPyvei+R3J7tm86Hn9Vvf2h8Qyx7PPhnMWmacMGnwony32XmcB/hB1Hbuqo1lfKH2Niw/YaRobqYNwmy8TyHRsga7Q1thtADY87I9FA+Y1zQz3ue++auqx6HMZ9nu3BmfvHhOJltoieFrvQ1v9bRMvDJCNisj7A8fyovZ73WDElyXY8hFMcwUDuB3nDra0cHHOJSD+Pw2eLzL4iOfk4rGupmXhiXSVSyh7+Fv3qwfVCT8NyBycSAnR8XzxD/APTEe21UezZtV8+aBzuM8TZKWwYnaR0KeZGgk+hS8uQ8Kxk2HPVFl+iF9ym/kf8ANKTiuW7VrY9gI8Qf7FRfvCTxen5cB4dlPDxEUD2QHkFaR58UcbXvb0vms1C2ZuzRqLac6uoq0Xolc57CWtPda2xy2s/MlebSZ6qaLxnG4XOAYGkH+pGR8YY0UW8/ArK4jI2ai1jiWvonxJVhizlzmjsXF3OndAsayaTgH/aDlnI4djtaDTZ7d5d00sZBBJIy2NAG5L3GgAFveLP9+wZsGTHtpo2OpG43+FfFYaSTRiRRMca0AuAOxJ3Xf0dZhp/Dk6pYpNfQdzrtMJ3BS5rl7LpbMUjf/syOnH4g9zyA57GgVyIB/UfJbhzm6b12sF7Ddpj8Jc9gNzTkj0AAWpdJkagKsgVXReXrW+4zv04WxB0pFfiCr8g0d3tr1TZmu07k31oqmmALiALonpzSVA5C59Z/Dy8dSH0v+yENqlq2ihyG/JBOdkaj3+vgtESSRyUbA5fhoffVHxvY9oDunetUOHkESb2NDKN9T90rFshe7Qx2k2PkppNDloto4IS5rnEDTZNcjdfoj4om6Lbps91xrcenzVG7IaHBoc5paPgdlYY2TTO0rmCQRyPgfvwWTbLSDnYOPI0kW0dCTXW/8BZb2o4TFHmNZAyNkYaA3qGEnw5cya9fJaFudG+muAodD1u1Qe0JIklmjaS2RlyP1EBoHLkPL13VaLavgNRLaZvDjYcA2CZSyVoc3ei4NG/nRPyR/BeBw8Rc7Ee7s3uYXdqO8RRH6ov3GN3s3gNjiLntcS/SLIJO9jruAEV7KAw5csz27NjIB+I5/JdFaj2toxmOUmaTh/DouH4sEGO46Y2kAuO5vf6kqaUvZbi4EEbj0/6lLM0tsEU3mPM/8Q78hjy5p2JFDwH3yXKuXlm7yuEDZUz76nffSfNAZWQ6MAEUHOLd+pRuU5td0gP2Jr5oGRweSLNXuAPA81qkiG2Vz53EPIADQLKjExIB73yUroWgOBJLS4X6cqXBEwbCNlBaKUZOmVeLI134nd55BHkBSkhmMOZpcdQB3I+P6oCF/Zt11y7zvj0CkdM3eRh7zgBv5bK3IlRfRd5sZ1AlzSaO97dfmim5DnY7Iz+Lka6gfZWdxsoth7GyHVzvorHGzXNY5o3fTbpc9Q0bqkwzFkZkZsTXWNDdZ2NdNvkPqpsyJmWIopLET32QXm37bem5u1XDPaY5LbRm3G3Ntnn5KbGkZIRNK5xDdTztyJ2G3oApw1yPhhAyWzYsjgBTS1o08jY/VBR5LcXh02nR2kzwAW+AdZ9OYC72jIIraLfknbyPL40h8mapgXRt93osayr5H/V7qoXGCafOS0PFP4gbr/H+bnTqG3zKa/KLJCwS0bqq22I2+qqCQ+R4JFNtws/mFml3iModlySQiml7SDfO65j5KlCJdstDkl7Q29zuBd/fVRZGZRa5tADn9+qr4sluqU7amC2b8jY/T6oaWbXo3A2u/wC6tQyd4fJlF8rmtoADb1Te3Dt+1q+ngqwyE2d7Av6rjcltC3LRQRuBWyWXl7ieV1ySY8Maw8zRUANN2N2lq5eS1wZhgcb7UuO/RdinLdbudjn5oeKTmHDbek0PJjAokAEkDrup2j3FiMgyuaHDugjujwRsWc52LILbZcCaHMV/1UZlJp/LqK8FOXBrGk7tDqq+aioRatlrnPhfFjtjmLQG13uniomShkcYczW9tAEu28dhXjaCbES15ce+wnbopZmthBANlrG1W1uKjavRW76Omka4mz+ayB5KPJne4RvJvUdTr33Br/ATO1AaYdJBqmg9D/tQkkwkEi23zWkyZuiUyOZFJYBcCK5WOqgMjnuaRyJ28rXXh0jNv5QVAHGy47notEichMstOBjJp46+qFJsk6Qk59hpPQUmX6ppAPZ+Dz8Uy9kkkIQ4OoD0Kc0kRvr+WvqkkhgSTjSR5BSZBIgj32c9xr6JJKRhjJDHHLIKLmFwaSPLmgZXFuQ7e9976rqSmVyUzgJdJZ5gX9Qo5DQISSVEBMLu9pAAGgfRA6rHqV1JNDOHkmpJKxH/2Q==")
        submit_button = TestBrowser.driver.find_element_by_class_name("submitButton")
        submit_button.click()
        TestBrowser.driver.get("http://localhost:3000/")
>       first_prod_number_of_likes_before = TestBrowser.driver.find_element_by_class_name("text-muted")

tests/end_to_end/test_web_ui.py:130: 
_ _ _ _ _ _ _ _ _ _ _ _ _ _ _ _ _ _ _ _ _ _ _ _ _ _ _ _ _ _ _ _ _ _ _ _ _ _ _ _ 
/usr/lib/python3/dist-packages/selenium/webdriver/remote/webdriver.py:589: in find_element_by_class_name
    return self.find_element(by=By.CLASS_NAME, value=name)
/usr/lib/python3/dist-packages/selenium/webdriver/remote/webdriver.py:1012: in find_element
    return self.execute(Command.FIND_ELEMENT, {
/usr/lib/python3/dist-packages/selenium/webdriver/remote/webdriver.py:318: in execute
    self.error_handler.check_response(response)
_ _ _ _ _ _ _ _ _ _ _ _ _ _ _ _ _ _ _ _ _ _ _ _ _ _ _ _ _ _ _ _ _ _ _ _ _ _ _ _ 

self = <selenium.webdriver.remote.errorhandler.ErrorHandler object at 0x7fbc3ec250c0>
response = {'status': 404, 'value': '{"value":{"error":"no such element","message":"no such element: Unable to locate element: {\...\\n#16 0x564194055848 \\u003Cunknown>\\n#17 0x56419406fc0d \\u003Cunknown>\\n#18 0x7f0fa8b50609 \\u003Cunknown>\\n"}}'}

    def check_response(self, response):
        """
        Checks that a JSON response from the WebDriver does not have an error.
    
        :Args:
         - response - The JSON response from the WebDriver server as a dictionary
           object.
    
        :Raises: If the response contains an error message.
        """
        status = response.get('status', None)
        if status is None or status == ErrorCode.SUCCESS:
            return
        value = None
        message = response.get("message", "")
        screen = response.get("screen", "")
        stacktrace = None
        if isinstance(status, int):
            value_json = response.get('value', None)
            if value_json and isinstance(value_json, basestring):
                import json
                try:
                    value = json.loads(value_json)
                    if len(value.keys()) == 1:
                        value = value['value']
                    status = value.get('error', None)
                    if status is None:
                        status = value["status"]
                        message = value["value"]
                        if not isinstance(message, basestring):
                            value = message
                            message = message.get('message')
                    else:
                        message = value.get('message', None)
                except ValueError:
                    pass
    
        exception_class = ErrorInResponseException
        if status in ErrorCode.NO_SUCH_ELEMENT:
            exception_class = NoSuchElementException
        elif status in ErrorCode.NO_SUCH_FRAME:
            exception_class = NoSuchFrameException
        elif status in ErrorCode.NO_SUCH_WINDOW:
            exception_class = NoSuchWindowException
        elif status in ErrorCode.STALE_ELEMENT_REFERENCE:
            exception_class = StaleElementReferenceException
        elif status in ErrorCode.ELEMENT_NOT_VISIBLE:
            exception_class = ElementNotVisibleException
        elif status in ErrorCode.INVALID_ELEMENT_STATE:
            exception_class = InvalidElementStateException
        elif status in ErrorCode.INVALID_SELECTOR \
                or status in ErrorCode.INVALID_XPATH_SELECTOR \
                or status in ErrorCode.INVALID_XPATH_SELECTOR_RETURN_TYPER:
            exception_class = InvalidSelectorException
        elif status in ErrorCode.ELEMENT_IS_NOT_SELECTABLE:
            exception_class = ElementNotSelectableException
        elif status in ErrorCode.ELEMENT_NOT_INTERACTABLE:
            exception_class = ElementNotInteractableException
        elif status in ErrorCode.INVALID_COOKIE_DOMAIN:
            exception_class = InvalidCookieDomainException
        elif status in ErrorCode.UNABLE_TO_SET_COOKIE:
            exception_class = UnableToSetCookieException
        elif status in ErrorCode.TIMEOUT:
            exception_class = TimeoutException
        elif status in ErrorCode.SCRIPT_TIMEOUT:
            exception_class = TimeoutException
        elif status in ErrorCode.UNKNOWN_ERROR:
            exception_class = WebDriverException
        elif status in ErrorCode.UNEXPECTED_ALERT_OPEN:
            exception_class = UnexpectedAlertPresentException
        elif status in ErrorCode.NO_ALERT_OPEN:
            exception_class = NoAlertPresentException
        elif status in ErrorCode.IME_NOT_AVAILABLE:
            exception_class = ImeNotAvailableException
        elif status in ErrorCode.IME_ENGINE_ACTIVATION_FAILED:
            exception_class = ImeActivationFailedException
        elif status in ErrorCode.MOVE_TARGET_OUT_OF_BOUNDS:
            exception_class = MoveTargetOutOfBoundsException
        elif status in ErrorCode.JAVASCRIPT_ERROR:
            exception_class = JavascriptException
        elif status in ErrorCode.SESSION_NOT_CREATED:
            exception_class = SessionNotCreatedException
        elif status in ErrorCode.INVALID_ARGUMENT:
            exception_class = InvalidArgumentException
        elif status in ErrorCode.NO_SUCH_COOKIE:
            exception_class = NoSuchCookieException
        elif status in ErrorCode.UNABLE_TO_CAPTURE_SCREEN:
            exception_class = ScreenshotException
        elif status in ErrorCode.ELEMENT_CLICK_INTERCEPTED:
            exception_class = ElementClickInterceptedException
        elif status in ErrorCode.INSECURE_CERTIFICATE:
            exception_class = InsecureCertificateException
        elif status in ErrorCode.INVALID_COORDINATES:
            exception_class = InvalidCoordinatesException
        elif status in ErrorCode.INVALID_SESSION_ID:
            exception_class = InvalidSessionIdException
        elif status in ErrorCode.UNKNOWN_METHOD:
            exception_class = UnknownMethodException
        else:
            exception_class = WebDriverException
        if value == '' or value is None:
            value = response['value']
        if isinstance(value, basestring):
            if exception_class == ErrorInResponseException:
                raise exception_class(response, value)
            raise exception_class(value)
        if message == "" and 'message' in value:
            message = value['message']
    
        screen = None
        if 'screen' in value:
            screen = value['screen']
    
        stacktrace = None
        if 'stackTrace' in value and value['stackTrace']:
            stacktrace = []
            try:
                for frame in value['stackTrace']:
                    line = self._value_or_default(frame, 'lineNumber', '')
                    file = self._value_or_default(frame, 'fileName', '<anonymous>')
                    if line:
                        file = "%s:%s" % (file, line)
                    meth = self._value_or_default(frame, 'methodName', '<anonymous>')
                    if 'className' in frame:
                        meth = "%s.%s" % (frame['className'], meth)
                    msg = "    at %s (%s)"
                    msg = msg % (meth, file)
                    stacktrace.append(msg)
            except TypeError:
                pass
        if exception_class == ErrorInResponseException:
            raise exception_class(response, message)
        elif exception_class == UnexpectedAlertPresentException:
            alert_text = None
            if 'data' in value:
                alert_text = value['data'].get('text')
            elif 'alert' in value:
                alert_text = value['alert'].get('text')
            raise exception_class(message, screen, stacktrace, alert_text)
>       raise exception_class(message, screen, stacktrace)
E       selenium.common.exceptions.NoSuchElementException: Message: no such element: Unable to locate element: {"method":"css selector","selector":".text-muted"}
E         (Session info: chrome=103.0.5060.114)

/usr/lib/python3/dist-packages/selenium/webdriver/remote/errorhandler.py:242: NoSuchElementException
=========================== short test summary info ============================
FAILED tests/end_to_end/test_web_ui.py::TestBrowser::test_creating_product_with_data
FAILED tests/end_to_end/test_web_ui.py::TestBrowser::test_data_consistency - ...
FAILED tests/end_to_end/test_web_ui.py::TestBrowser::test_edit_product_cancel_button_check
FAILED tests/end_to_end/test_web_ui.py::TestBrowser::test_edit_product_with_data
FAILED tests/end_to_end/test_web_ui.py::TestBrowser::test_product_add_cancel_button_check
FAILED tests/end_to_end/test_web_ui.py::TestBrowser::test_product_deletion - ...
FAILED tests/end_to_end/test_web_ui.py::TestBrowser::test_product_like_check
=================== 7 failed, 4 passed in 194.04s (0:03:14) ====================
